0 info it worked if it ends with ok
1 verbose cli [ '/usr/local/bin/node', '/usr/local/bin/npm', 'start' ]
2 info using npm@3.10.10
3 info using node@v6.11.1
4 verbose run-script [ 'prestart', 'start', 'poststart' ]
5 info lifecycle BW-RoomReservation@0.0.1~prestart: BW-RoomReservation@0.0.1
6 silly lifecycle BW-RoomReservation@0.0.1~prestart: no script for prestart, continuing
7 info lifecycle BW-RoomReservation@0.0.1~start: BW-RoomReservation@0.0.1
8 verbose lifecycle BW-RoomReservation@0.0.1~start: unsafe-perm in lifecycle true
9 verbose lifecycle BW-RoomReservation@0.0.1~start: PATH: /usr/local/lib/node_modules/npm/bin/node-gyp-bin:/home/imoncloud/users/syhu/BW-RoomReservation/node_modules/.bin:/usr/local/lib/node_modules/npm/bin/node-gyp-bin:/home/imoncloud/users/imoncloud/scalra/dev/node_modules/.bin:/usr/local/sbin:/usr/local/bin:/usr/sbin:/usr/bin:/sbin:/bin:/usr/games:/usr/local/games
10 verbose lifecycle BW-RoomReservation@0.0.1~start: CWD: /home/imoncloud/users/syhu/BW-RoomReservation
11 silly lifecycle BW-RoomReservation@0.0.1~start: Args: [ '-c', 'node ./bin/www' ]
12 silly lifecycle BW-RoomReservation@0.0.1~start: Returned: code: 143  signal: null
13 info lifecycle BW-RoomReservation@0.0.1~start: Failed to exec start script
14 verbose stack Error: BW-RoomReservation@0.0.1 start: `node ./bin/www`
14 verbose stack Exit status 143
14 verbose stack     at EventEmitter.<anonymous> (/usr/local/lib/node_modules/npm/lib/utils/lifecycle.js:255:16)
14 verbose stack     at emitTwo (events.js:106:13)
14 verbose stack     at EventEmitter.emit (events.js:191:7)
14 verbose stack     at ChildProcess.<anonymous> (/usr/local/lib/node_modules/npm/lib/utils/spawn.js:40:14)
14 verbose stack     at emitTwo (events.js:106:13)
14 verbose stack     at ChildProcess.emit (events.js:191:7)
14 verbose stack     at maybeClose (internal/child_process.js:891:16)
14 verbose stack     at Process.ChildProcess._handle.onexit (internal/child_process.js:226:5)
15 verbose pkgid BW-RoomReservation@0.0.1
16 verbose cwd /home/imoncloud/users/syhu/BW-RoomReservation
17 error Linux 3.13.0-132-generic
18 error argv "/usr/local/bin/node" "/usr/local/bin/npm" "start"
19 error node v6.11.1
20 error npm  v3.10.10
21 error code ELIFECYCLE
22 error BW-RoomReservation@0.0.1 start: `node ./bin/www`
22 error Exit status 143
23 error Failed at the BW-RoomReservation@0.0.1 start script 'node ./bin/www'.
23 error Make sure you have the latest version of node.js and npm installed.
23 error If you do, this is most likely a problem with the BW-RoomReservation package,
23 error not with npm itself.
23 error Tell the author that this fails on your system:
23 error     node ./bin/www
23 error You can get information on how to open an issue for this project with:
23 error     npm bugs BW-RoomReservation
23 error Or if that isn't available, you can get their info via:
23 error     npm owner ls BW-RoomReservation
23 error There is likely additional logging output above.
24 verbose exit [ 1, true ]
